<?xml version="1.0" encoding="UTF-8"?>
<!-- Generated by org.testng.reporters.JUnitReportReporter -->
<testsuite hostname="DESKTOP-VLE0B0J" failures="0" tests="1" name="Tests.Test3" time="4.232" errors="0" timestamp="14 dÃ©c. 2022 22:09:30 GMT" skipped="0">
  <testcase classname="Tests.Test3" name="test3" time="4.232"/>
</testsuite> <!-- Tests.Test3 -->
